C:\Users\UserK\AppData\Local\Programs\Python\Python310\lib\site-packages\sklearn\base.py:442: InconsistentVersionWarning: Trying to unpickle estimator DummyClassifier from version 1.8.0 when using version 1.7.2. This might lead to breaking code or invalid results. Use at your own risk. For more info please refer to:
https://scikit-learn.org/stable/model_persistence.html#security-maintainability-limitations
  warnings.warn(
C:\Users\UserK\AppData\Local\Programs\Python\Python310\lib\site-packages\sklearn\base.py:442: InconsistentVersionWarning: Trying to unpickle estimator DecisionTreeRegressor from version 1.8.0 when using version 1.7.2. This might lead to breaking code or invalid results. Use at your own risk. For more info please refer to:
https://scikit-learn.org/stable/model_persistence.html#security-maintainability-limitations
  warnings.warn(
C:\Users\UserK\AppData\Local\Programs\Python\Python310\lib\site-packages\sklearn\base.py:442: InconsistentVersionWarning: Trying to unpickle estimator GradientBoostingClassifier from version 1.8.0 when using version 1.7.2. This might lead to breaking code or invalid results. Use at your own risk. For more info please refer to:
https://scikit-learn.org/stable/model_persistence.html#security-maintainability-limitations
  warnings.warn(
C:\Users\UserK\AppData\Local\Programs\Python\Python310\lib\site-packages\sklearn\base.py:442: InconsistentVersionWarning: Trying to unpickle estimator StandardScaler from version 1.8.0 when using version 1.7.2. This might lead to breaking code or invalid results. Use at your own risk. For more info please refer to:
https://scikit-learn.org/stable/model_persistence.html#security-maintainability-limitations
  warnings.warn(
C:\Users\UserK\AppData\Local\Programs\Python\Python310\lib\site-packages\sklearn\base.py:442: InconsistentVersionWarning: Trying to unpickle estimator SVC from version 1.8.0 when using version 1.7.2. This might lead to breaking code or invalid results. Use at your own risk. For more info please refer to:
https://scikit-learn.org/stable/model_persistence.html#security-maintainability-limitations
  warnings.warn(
============================================================
QSAR Irritation Predictor - Desktop Application
============================================================
[App] Loading models...
[App] Models loaded successfully
[App] Using port: 5000
[Flask] Starting server on port 5000...
[App] Waiting for server to start...
 * Serving Flask app 'app'
 * Debug mode: off
WARNING: This is a development server. Do not use it in a production deployment. Use a production WSGI server instead.
 * Running on http://127.0.0.1:5000
Press CTRL+C to quit
127.0.0.1 - - [29/Jun/2026 17:52:17] "GET / HTTP/1.1" 200 -
127.0.0.1 - - [29/Jun/2026 17:52:18] "GET /favicon.ico HTTP/1.1" 404 -
[0629/175237.659:ERROR:ui\gfx\win\window_impl.cc:172] Failed to unregister class Chrome_WidgetWin_0. Error = 1411
